[2025-03-06 07:38:14] User 'Jannis' hat sich ausgeloggt.
[2025-03-06 07:41:11] User 'Jannis' hat sich eingeloggt.
[2025-03-06 07:42:53] User 'Jannis' hat sich ausgeloggt.
[2025-03-06 07:44:29] Neuer User registriert: 'test'
[2025-03-06 07:45:37] Neuer User registriert: 'luca'
[2025-03-06 07:46:36] Neuer User registriert: 'test'
[2025-03-06 07:47:00] User 'test' hat sich eingeloggt.
[2025-03-06 07:47:14] User 'test' hat sich ausgeloggt.
[2025-03-06 07:56:45] User 'Jannis' hat sich eingeloggt.
[2025-03-06 07:59:42] User 'Jannis' hat den Adminbereich betreten.
[2025-03-06 07:59:57] User 'Jannis' hat den Adminbereich betreten.
[2025-03-06 07:59:58] User 'Jannis' hat den Adminbereich betreten.
[2025-03-06 08:00:20] User 'Jannis' hat sich ausgeloggt.
[2025-03-11 11:36:55] User 'jannis' hat sich eingeloggt.
[2025-03-11 11:36:57] User 'Jannis' hat den Adminbereich betreten.
[2025-03-11 11:37:15] User 'Jannis' hat den Adminbereich betreten.
[2025-03-11 11:37:18] User 'Jannis' hat den Adminbereich betreten.
[2025-03-11 11:37:23] User 'Jannis' hat den Adminbereich betreten.
[2025-03-11 11:37:29] User 'Jannis' hat den Adminbereich betreten.
[2025-03-11 11:37:46] User 'Jannis' hat den Adminbereich betreten.
[2025-03-11 11:37:54] User 'Jannis' hat den Adminbereich betreten.
[2025-03-11 11:38:02] User 'Jannis' hat den Adminbereich betreten.
[2025-03-11 11:38:04] User 'Jannis' hat den Adminbereich betreten.
[2025-03-11 11:38:18] User 'Jannis' hat den Adminbereich betreten.
[2025-03-11 11:38:23] User 'Jannis' hat den Adminbereich betreten.
[2025-03-11 11:38:28] User 'Jannis' hat den Adminbereich betreten.
[2025-03-11 11:38:33] User 'Jannis' hat den Adminbereich betreten.
[2025-03-11 11:38:36] User 'Jannis' hat den Adminbereich betreten.
[2025-03-11 11:38:39] User 'Jannis' hat den Adminbereich betreten.
[2025-03-11 11:38:50] User 'Jannis' hat den Adminbereich betreten.
[2025-03-11 11:38:53] User 'Jannis' hat den Adminbereich betreten.
[2025-03-11 11:38:58] User 'Jannis' hat sich ausgeloggt.
[2025-03-11 11:39:05] User 'test' hat sich eingeloggt.
[2025-03-11 11:39:35] User 'test' hat sich ausgeloggt.
[2025-03-11 11:58:08] Neuer User registriert: 'Besucher'
[2025-03-11 12:00:00] User 'Jannis' hat sich eingeloggt.
[2025-03-11 12:00:01] User 'Jannis' hat den Adminbereich betreten.
[2025-03-11 12:00:02] User 'Jannis' hat den Adminbereich betreten.
[2025-03-11 12:00:03] User 'Jannis' hat den Adminbereich betreten.
[2025-03-11 12:00:03] User 'Jannis' hat den Adminbereich betreten.
[2025-03-11 12:00:04] User 'Jannis' hat den Adminbereich betreten.
[2025-03-11 12:00:05] User 'Jannis' hat den Adminbereich betreten.
[2025-03-11 12:00:05] User 'Jannis' hat den Adminbereich betreten.
[2025-03-11 12:00:12] User 'Jannis' hat den Adminbereich betreten.
[2025-03-11 12:00:12] User 'Jannis' hat den Adminbereich betreten.
[2025-03-11 12:00:15] User 'Jannis' hat den Adminbereich betreten.
[2025-03-11 12:00:31] User 'Jannis' hat den Adminbereich betreten.
[2025-03-11 12:00:35] User 'Jannis' hat den Adminbereich betreten.
[2025-03-11 12:02:17] User 'Jannis' hat den Adminbereich betreten.
[2025-03-11 12:02:19] User 'Jannis' hat den Adminbereich betreten.
[2025-03-11 12:02:24] User 'Jannis' hat den Adminbereich betreten.
[2025-03-11 12:02:24] User 'Jannis' hat den Adminbereich betreten.
[2025-03-11 12:02:45] User 'Jannis' hat den Adminbereich betreten.
[2025-03-11 12:02:48] User 'Jannis' hat den Adminbereich betreten.
[2025-03-11 12:02:56] User 'Jannis' hat den Adminbereich betreten.
[2025-03-11 12:03:02] User 'Jannis' hat den Adminbereich betreten.
[2025-03-11 12:03:02] User 'Jannis' hat den Adminbereich betreten.
[2025-03-11 12:03:05] User 'Jannis' hat den Adminbereich betreten.
[2025-03-11 12:03:10] User 'Jannis' hat den Adminbereich betreten.
[2025-03-11 12:03:10] User 'Jannis' hat den Adminbereich betreten.
[2025-03-11 12:04:19] User 'Jannis' hat den Adminbereich betreten.
[2025-03-11 12:04:21] User 'Jannis' hat den Adminbereich betreten.
[2025-03-11 12:04:35] User 'Jannis' hat den Adminbereich betreten.
[2025-03-11 12:54:32] User 'Jannis' hat den Adminbereich betreten.
[2025-03-11 12:54:36] User 'Jannis' hat den Adminbereich betreten.
[2025-03-11 12:54:43] User 'Jannis' hat den Adminbereich betreten.
[2025-03-11 12:54:45] User 'Jannis' hat den Adminbereich betreten.
[2025-03-11 12:54:48] User 'Jannis' hat den Adminbereich betreten.
[2025-03-11 12:54:49] User 'Jannis' hat den Adminbereich betreten.
[2025-03-11 12:54:52] User 'Jannis' hat den Adminbereich betreten.
[2025-03-11 12:54:54] User 'Jannis' hat den Adminbereich betreten.
[2025-03-11 12:54:55] User 'Jannis' hat den Adminbereich betreten.
[2025-03-11 12:55:03] User 'Jannis' hat den Adminbereich betreten.
[2025-03-11 12:55:03] User 'Jannis' hat den Adminbereich betreten.
[2025-03-11 12:55:05] User 'Jannis' hat den Adminbereich betreten.
[2025-03-11 12:55:11] User 'Jannis' hat den Adminbereich betreten.
[2025-03-11 12:56:35] User 'Jannis' hat den Adminbereich betreten.
[2025-03-11 12:58:01] User 'Jannis' hat den Adminbereich betreten.
[2025-03-11 12:58:05] User 'Jannis' hat sich ausgeloggt.
[2025-03-11 12:58:09] User 'jannis' hat sich eingeloggt.
[2025-03-11 12:58:13] User 'Jannis' hat den Adminbereich betreten.
[2025-03-11 12:58:15] User 'Jannis' hat sich ausgeloggt.
[2025-03-11 12:58:30] User 'Jannis' hat sich eingeloggt.
[2025-03-11 13:02:15] User 'Jannis' hat sich ausgeloggt.
[2025-03-11 13:02:27] User 'jannis' hat sich eingeloggt.
[2025-03-11 13:14:19] User 'Jannis' hat den Adminbereich betreten.
[2025-03-11 13:14:20] User 'Jannis' hat den Adminbereich betreten.
[2025-03-11 13:14:23] User 'Jannis' hat den Adminbereich betreten.
[2025-03-11 13:14:33] User 'Jannis' hat den Adminbereich betreten.
[2025-03-11 13:14:36] User 'Jannis' hat den Adminbereich betreten.
[2025-03-11 13:15:12] User 'Jannis' hat den Adminbereich betreten.
[2025-03-11 13:15:12] User 'Jannis' hat den Adminbereich betreten.
[2025-03-11 13:15:13] User 'Jannis' hat den Adminbereich betreten.
[2025-03-11 13:15:15] User 'Jannis' hat den Adminbereich betreten.
[2025-03-11 13:30:51] User 'Jannis' hat den Adminbereich betreten.
[2025-03-11 13:30:52] User 'Jannis' hat den Adminbereich betreten.
[2025-03-11 13:31:13] User 'Jannis' hat den Adminbereich betreten.
[2025-03-11 13:34:12] User 'Jannis' hat den Adminbereich betreten.
[2025-03-11 13:34:16] User 'Jannis' hat den Adminbereich betreten.
[2025-03-11 13:37:40] User 'Jannis' hat den Adminbereich betreten.
[2025-03-11 13:37:47] User 'Jannis' hat den Adminbereich betreten.
[2025-03-11 13:37:49] User 'Jannis' hat den Adminbereich betreten.
[2025-03-11 13:37:50] User 'Jannis' hat den Adminbereich betreten.
[2025-03-11 13:37:53] User 'Jannis' hat den Adminbereich betreten.
[2025-03-11 13:37:55] User 'Jannis' hat den Adminbereich betreten.
[2025-03-11 13:37:57] User 'Jannis' hat den Adminbereich betreten.
[2025-03-11 13:37:58] User 'Jannis' hat den Adminbereich betreten.
[2025-03-11 13:38:06] User 'Jannis' hat den Adminbereich betreten.
[2025-03-11 13:38:20] User 'Jannis' hat den Adminbereich betreten.
[2025-03-11 13:38:23] User 'Jannis' hat den Adminbereich betreten.
[2025-03-11 13:38:25] User 'Jannis' hat den Adminbereich betreten.
[2025-03-11 13:38:28] User 'Jannis' hat den Adminbereich betreten.
[2025-03-11 13:38:46] User 'Jannis' hat den Adminbereich betreten.
[2025-03-11 13:39:44] User 'Jannis' hat den Adminbereich betreten.
[2025-03-11 13:39:51] User 'Jannis' hat den Adminbereich betreten.
[2025-03-11 13:41:15] User 'Jannis' hat den Adminbereich betreten.
[2025-03-11 13:41:17] User 'Jannis' hat den Adminbereich betreten.
[2025-03-11 13:41:20] User 'Jannis' hat den Adminbereich betreten.
[2025-03-11 13:41:22] User 'Jannis' hat den Adminbereich betreten.
[2025-03-11 13:41:26] User 'Jannis' hat den Adminbereich betreten.
[2025-03-11 13:46:04] User 'Jannis' hat den Adminbereich betreten.
[2025-03-11 13:46:05] User 'Jannis' hat den Adminbereich betreten.
[2025-03-11 13:46:06] User 'Jannis' hat den Adminbereich betreten.
[2025-03-11 13:46:06] User 'Jannis' hat den Adminbereich betreten.
[2025-03-11 13:46:06] User 'Jannis' hat den Adminbereich betreten.
[2025-03-11 13:46:06] User 'Jannis' hat den Adminbereich betreten.
[2025-03-11 13:46:07] User 'Jannis' hat den Adminbereich betreten.
[2025-03-11 13:46:24] User 'Jannis' hat den Adminbereich betreten.
[2025-03-11 13:46:30] User 'Jannis' hat den Adminbereich betreten.
[2025-03-11 13:46:40] User 'Jannis' hat den Adminbereich betreten.
[2025-03-11 13:46:41] User 'Jannis' hat den Adminbereich betreten.
[2025-03-11 13:46:42] User 'Jannis' hat den Adminbereich betreten.
[2025-03-11 13:46:44] User 'Jannis' hat den Adminbereich betreten.
[2025-03-11 13:46:45] User 'Jannis' hat den Adminbereich betreten.
[2025-03-11 13:46:49] User 'Jannis' hat den Adminbereich betreten.
[2025-03-11 13:48:47] User 'Jannis' hat den Adminbereich betreten.
[2025-03-11 13:49:22] User 'Jannis' hat den Adminbereich betreten.
[2025-03-11 13:49:43] User 'Jannis' hat den Adminbereich betreten.
[2025-03-11 13:49:46] User 'Jannis' hat den Adminbereich betreten.
[2025-03-11 13:49:58] User 'Jannis' hat den Adminbereich betreten.
[2025-03-11 13:54:11] User 'Jannis' hat den Adminbereich betreten.
[2025-03-11 13:57:18] User 'Jannis' hat den Adminbereich betreten.
[2025-03-11 13:57:19] User 'Jannis' hat den Adminbereich betreten.
[2025-03-11 13:57:25] User 'Jannis' hat den Adminbereich betreten.
[2025-03-11 13:57:27] User 'Jannis' hat den Adminbereich betreten.
[2025-03-11 13:57:28] User 'Jannis' hat den Adminbereich betreten.
[2025-03-11 13:57:29] User 'Jannis' hat den Adminbereich betreten.
[2025-03-11 13:57:31] User 'Jannis' hat den Adminbereich betreten.
[2025-03-11 13:57:33] User 'Jannis' hat den Adminbereich betreten.
[2025-03-11 13:58:28] User 'Jannis' hat den Adminbereich betreten.
[2025-03-11 13:58:28] User 'Jannis' hat den Adminbereich betreten.
[2025-03-11 13:58:36] User 'Jannis' hat den Adminbereich betreten.
[2025-03-11 13:58:37] User 'Jannis' hat den Adminbereich betreten.
[2025-03-11 14:00:10] User 'Jannis' hat den Adminbereich betreten.
[2025-03-11 14:00:14] User 'Jannis' hat den Adminbereich betreten.
[2025-03-11 14:00:18] User 'Jannis' hat den Adminbereich betreten.
[2025-03-11 14:02:29] User 'Jannis' hat den Adminbereich betreten.
[2025-03-11 14:02:31] User 'Jannis' hat den Adminbereich betreten.
[2025-03-11 14:06:18] User 'Jannis' hat den Adminbereich betreten.
[2025-03-11 14:06:18] User 'Jannis' hat den Adminbereich betreten.
[2025-03-11 14:09:27] User 'Jannis' hat den Adminbereich betreten.
[2025-03-11 14:12:09] User 'Jannis' hat den Adminbereich betreten.
[2025-03-11 14:12:11] User 'Jannis' hat den Adminbereich betreten.
[2025-03-11 14:13:27] User 'Jannis' hat den Adminbereich betreten.
[2025-03-11 14:13:49] User 'Jannis' hat den Adminbereich betreten.
[2025-03-11 14:13:58] User 'Jannis' hat den Adminbereich betreten.
[2025-03-11 14:14:07] User 'Jannis' hat den Adminbereich betreten.
[2025-03-11 14:14:07] User 'Jannis' hat den Adminbereich betreten.
[2025-03-11 14:14:18] User 'Jannis' hat den Adminbereich betreten.
[2025-03-11 14:14:58] User 'Jannis' hat den Adminbereich betreten.
[2025-03-11 14:14:58] User 'Jannis' hat den Adminbereich betreten.
[2025-03-11 14:14:59] User 'Jannis' hat den Adminbereich betreten.
[2025-03-11 14:15:09] User 'Jannis' hat den Adminbereich betreten.
[2025-03-11 14:15:09] User 'Jannis' hat den Adminbereich betreten.
[2025-03-11 14:15:11] User 'Jannis' hat den Adminbereich betreten.
[2025-03-11 14:15:24] User 'Jannis' hat den Adminbereich betreten.
[2025-03-11 14:15:24] User 'Jannis' hat den Adminbereich betreten.
[2025-03-11 14:15:25] User 'Jannis' hat den Adminbereich betreten.
[2025-03-11 14:15:44] User 'Jannis' hat den Adminbereich betreten.
[2025-03-11 14:15:46] User 'Jannis' hat den Adminbereich betreten.
[2025-03-11 14:15:47] User 'Jannis' hat den Adminbereich betreten.
[2025-03-11 14:15:48] User 'Jannis' hat den Adminbereich betreten.
[2025-03-11 14:15:50] User 'Jannis' hat den Adminbereich betreten.
[2025-03-11 14:15:55] User 'Jannis' hat den Adminbereich betreten.
[2025-03-11 14:15:56] User 'Jannis' hat den Adminbereich betreten.
[2025-03-11 14:15:58] User 'Jannis' hat den Adminbereich betreten.
[2025-03-11 14:15:59] User 'Jannis' hat den Adminbereich betreten.
[2025-03-11 14:16:19] User 'Jannis' hat den Adminbereich betreten.
[2025-03-11 14:16:19] User 'Jannis' hat den Adminbereich betreten.
[2025-03-11 14:16:24] User 'Jannis' hat den Adminbereich betreten.
[2025-03-11 14:16:26] User 'Jannis' hat den Adminbereich betreten.
[2025-03-11 14:16:46] User 'Jannis' hat den Adminbereich betreten.
[2025-03-11 14:16:46] User 'Jannis' hat den Adminbereich betreten.
[2025-03-11 14:16:50] User 'Jannis' hat den Adminbereich betreten.
[2025-03-11 14:16:58] User 'Jannis' hat den Adminbereich betreten.
[2025-03-11 14:16:59] User 'Jannis' hat den Adminbereich betreten.
[2025-03-11 14:17:00] User 'Jannis' hat den Adminbereich betreten.
[2025-03-11 14:17:11] User 'Jannis' hat den Adminbereich betreten.
[2025-03-11 14:17:11] User 'Jannis' hat den Adminbereich betreten.
[2025-03-11 14:17:14] User 'Jannis' hat den Adminbereich betreten.
[2025-03-11 14:17:18] User 'Jannis' hat den Adminbereich betreten.
[2025-03-11 14:17:18] User 'Jannis' hat den Adminbereich betreten.
[2025-03-11 14:17:20] User 'Jannis' hat den Adminbereich betreten.
[2025-03-11 14:17:24] User 'Jannis' hat den Adminbereich betreten.
[2025-03-11 14:17:24] User 'Jannis' hat den Adminbereich betreten.
[2025-03-11 14:17:25] User 'Jannis' hat den Adminbereich betreten.
[2025-03-11 14:17:38] User 'Jannis' hat den Adminbereich betreten.
[2025-03-11 14:17:38] User 'Jannis' hat den Adminbereich betreten.
[2025-03-11 14:17:55] User 'Jannis' hat den Adminbereich betreten.
[2025-03-11 14:17:56] User 'Jannis' hat den Adminbereich betreten.
[2025-03-11 14:17:57] User 'Jannis' hat den Adminbereich betreten.
[2025-03-11 14:17:59] User 'Jannis' hat den Adminbereich betreten.
[2025-03-11 14:18:05] User 'Jannis' hat den Adminbereich betreten.
[2025-03-11 14:18:07] User 'Jannis' hat den Adminbereich betreten.
[2025-03-11 14:18:56] User 'Jannis' hat den Adminbereich betreten.
[2025-03-11 14:18:57] User 'Jannis' hat den Adminbereich betreten.
[2025-03-11 14:19:00] User 'Jannis' hat den Adminbereich betreten.
[2025-03-11 14:19:01] User 'Jannis' hat den Adminbereich betreten.
[2025-03-11 14:19:01] User 'Jannis' hat den Adminbereich betreten.
[2025-03-11 14:19:30] User 'Jannis' hat den Adminbereich betreten.
[2025-03-11 14:20:18] User 'Jannis' hat den Adminbereich betreten.
[2025-03-11 14:20:25] User 'Jannis' hat den Adminbereich betreten.
[2025-03-11 14:20:27] User 'Jannis' hat den Adminbereich betreten.
[2025-03-11 14:20:28] User 'Jannis' hat den Adminbereich betreten.
[2025-03-11 14:20:33] User 'Jannis' hat den Adminbereich betreten.
[2025-03-11 14:20:36] User 'Jannis' hat den Adminbereich betreten.
[2025-03-11 14:20:37] User 'Jannis' hat den Adminbereich betreten.
[2025-03-11 14:20:42] User 'Jannis' hat den Adminbereich betreten.
[2025-03-11 14:20:45] User 'Jannis' hat den Adminbereich betreten.
[2025-03-11 14:20:47] User 'Jannis' hat den Adminbereich betreten.
[2025-03-11 14:20:58] User 'Jannis' hat den Adminbereich betreten.
[2025-03-11 14:25:11] User 'Jannis' hat den Adminbereich betreten.
[2025-03-11 14:25:29] User 'Jannis' hat den Adminbereich betreten.
[2025-03-11 14:27:06] User 'Jannis' hat den Adminbereich betreten.
[2025-03-11 14:27:06] User 'Jannis' hat den Adminbereich betreten.
[2025-03-11 14:27:06] User 'Jannis' hat den Adminbereich betreten.
[2025-03-11 14:27:07] User 'Jannis' hat den Adminbereich betreten.
[2025-03-11 14:27:07] User 'Jannis' hat den Adminbereich betreten.
[2025-03-11 14:27:07] User 'Jannis' hat den Adminbereich betreten.
[2025-03-11 14:27:07] User 'Jannis' hat den Adminbereich betreten.
[2025-03-11 14:27:07] User 'Jannis' hat den Adminbereich betreten.
[2025-03-11 14:27:07] User 'Jannis' hat den Adminbereich betreten.
[2025-03-11 14:27:08] User 'Jannis' hat den Adminbereich betreten.
[2025-03-11 14:27:08] User 'Jannis' hat den Adminbereich betreten.
[2025-03-11 14:29:08] User 'Jannis' hat den Adminbereich betreten.
[2025-03-11 14:29:13] User 'Jannis' hat den Adminbereich betreten.
[2025-03-11 14:29:27] User 'Jannis' hat den Adminbereich betreten.
[2025-03-11 14:29:27] User 'Jannis' hat den Adminbereich betreten.
[2025-03-11 14:29:30] User 'Jannis' hat den Adminbereich betreten.
[2025-03-11 14:30:06] User 'Jannis' hat den Adminbereich betreten.
[2025-03-11 14:30:43] User 'Jannis' hat den Adminbereich betreten.
[2025-03-11 14:30:44] User 'Jannis' hat den Adminbereich betreten.
[2025-03-11 14:30:45] User 'Jannis' hat den Adminbereich betreten.
[2025-03-11 14:30:47] User 'Jannis' hat den Adminbereich betreten.
[2025-03-11 14:32:59] User 'Jannis' hat den Adminbereich betreten.
[2025-03-11 14:36:53] User 'Jannis' hat den Adminbereich betreten.
[2025-03-11 14:37:26] User 'Jannis' hat den Adminbereich betreten.
[2025-03-11 14:37:31] User 'Jannis' hat den Adminbereich betreten.
[2025-03-11 14:40:04] User 'Jannis' hat den Adminbereich betreten.
[2025-03-11 14:40:09] User 'Jannis' hat den Adminbereich betreten.
[2025-03-11 14:40:29] User 'Jannis' hat den Adminbereich betreten.
[2025-03-11 14:40:29] User 'Jannis' hat den Adminbereich betreten.
[2025-03-11 14:40:32] User 'Jannis' hat den Adminbereich betreten.
[2025-03-11 14:40:43] User 'Jannis' hat den Adminbereich betreten.
[2025-03-11 14:40:43] User 'Jannis' hat den Adminbereich betreten.
[2025-03-11 14:40:50] User 'Jannis' hat den Adminbereich betreten.
[2025-03-11 14:40:59] User 'Jannis' hat den Adminbereich betreten.
[2025-03-11 14:41:12] User 'Jannis' hat den Adminbereich betreten.
[2025-03-11 14:41:15] User 'Jannis' hat den Adminbereich betreten.
[2025-03-11 14:41:16] User 'Jannis' hat den Adminbereich betreten.
[2025-03-11 14:41:23] User 'Jannis' hat den Adminbereich betreten.
[2025-03-11 14:41:36] User 'Jannis' hat den Adminbereich betreten.
[2025-03-11 14:45:57] User 'Jannis' hat den Adminbereich betreten.
[2025-03-11 14:45:57] User 'Jannis' hat den Adminbereich betreten.
[2025-03-11 14:46:01] User 'Jannis' hat den Adminbereich betreten.
[2025-03-11 14:46:09] User 'Jannis' hat den Adminbereich betreten.
[2025-03-11 14:46:09] User 'Jannis' hat den Adminbereich betreten.
[2025-03-11 14:46:11] User 'Jannis' hat den Adminbereich betreten.
[2025-03-11 14:46:21] User 'Jannis' hat den Adminbereich betreten.
[2025-03-11 14:46:21] User 'Jannis' hat den Adminbereich betreten.
[2025-03-11 14:46:27] User 'Jannis' hat den Adminbereich betreten.
[2025-03-11 14:46:28] User 'Jannis' hat den Adminbereich betreten.
[2025-03-11 14:47:05] User 'Jannis' hat den Adminbereich betreten.
[2025-03-11 14:47:05] User 'Jannis' hat den Adminbereich betreten.
[2025-03-11 14:47:08] User 'Jannis' hat den Adminbereich betreten.
[2025-03-11 14:47:13] User 'Jannis' hat den Adminbereich betreten.
[2025-03-11 14:50:40] User 'Jannis' hat den Adminbereich betreten.
[2025-03-11 14:50:41] User 'Jannis' hat den Adminbereich betreten.
[2025-03-11 14:50:44] User 'Jannis' hat den Adminbereich betreten.
[2025-03-11 14:51:04] User 'Jannis' hat den Adminbereich betreten.
[2025-03-11 14:51:04] User 'Jannis' hat den Adminbereich betreten.
[2025-03-11 14:51:17] User 'Jannis' hat den Adminbereich betreten.
[2025-03-11 14:51:20] User 'Jannis' hat den Adminbereich betreten.
[2025-03-11 14:51:39] User 'Jannis' hat den Adminbereich betreten.
[2025-03-11 14:51:39] User 'Jannis' hat den Adminbereich betreten.
[2025-03-11 14:51:48] User 'Jannis' hat den Adminbereich betreten.
[2025-03-11 14:52:00] User 'Jannis' hat den Adminbereich betreten.
[2025-03-11 14:52:01] User 'Jannis' hat den Adminbereich betreten.
[2025-03-11 14:52:03] User 'Jannis' hat den Adminbereich betreten.
[2025-03-11 14:52:05] User 'Jannis' hat den Adminbereich betreten.
[2025-03-11 14:52:08] User 'Jannis' hat den Adminbereich betreten.
[2025-03-11 14:52:11] User 'Jannis' hat den Adminbereich betreten.
[2025-03-11 14:52:14] User 'Jannis' hat den Adminbereich betreten.
[2025-03-11 14:52:17] User 'Jannis' hat den Adminbereich betreten.
[2025-03-11 14:52:19] User 'Jannis' hat den Adminbereich betreten.
[2025-03-11 14:52:22] User 'Jannis' hat den Adminbereich betreten.
[2025-03-11 14:52:27] User 'Jannis' hat den Adminbereich betreten.
[2025-03-11 14:52:29] User 'Jannis' hat den Adminbereich betreten.
[2025-03-11 14:52:36] User 'Jannis' hat den Adminbereich betreten.
[2025-03-11 14:53:13] User 'Jannis' hat den Adminbereich betreten.
[2025-03-11 14:53:15] User 'Jannis' hat den Adminbereich betreten.
[2025-03-11 14:53:19] User 'Jannis' hat den Adminbereich betreten.
[2025-03-11 14:53:20] User 'Jannis' hat den Adminbereich betreten.
[2025-03-11 14:53:24] User 'Jannis' hat den Adminbereich betreten.
[2025-03-11 14:53:24] User 'Jannis' hat den Adminbereich betreten.
[2025-03-11 14:53:25] User 'Jannis' hat den Adminbereich betreten.
[2025-03-11 14:53:25] User 'Jannis' hat den Adminbereich betreten.
[2025-03-11 14:53:25] User 'Jannis' hat den Adminbereich betreten.
[2025-03-11 14:53:26] User 'Jannis' hat den Adminbereich betreten.
[2025-03-11 14:53:28] User 'Jannis' hat den Adminbereich betreten.
[2025-03-11 14:53:28] User 'Jannis' hat den Adminbereich betreten.
[2025-03-11 14:53:30] User 'Jannis' hat den Adminbereich betreten.
[2025-03-11 14:53:31] User 'Jannis' hat den Adminbereich betreten.
[2025-03-11 14:53:46] User 'Jannis' hat den Adminbereich betreten.
[2025-03-11 14:53:54] User 'Jannis' hat den Adminbereich betreten.
[2025-03-11 14:54:02] User 'Jannis' hat den Adminbereich betreten.
[2025-03-11 14:54:03] User 'Jannis' hat den Adminbereich betreten.
[2025-03-11 14:54:06] User 'Jannis' hat den Adminbereich betreten.
[2025-03-11 14:54:15] User 'Jannis' hat den Adminbereich betreten.
[2025-03-11 14:54:16] User 'Jannis' hat den Adminbereich betreten.
[2025-03-11 14:54:17] User 'Jannis' hat den Adminbereich betreten.
[2025-03-11 14:54:31] User 'Jannis' hat den Adminbereich betreten.
[2025-03-11 14:54:31] User 'Jannis' hat den Adminbereich betreten.
[2025-03-11 14:54:34] User 'Jannis' hat den Adminbereich betreten.
[2025-03-11 14:54:46] User 'Jannis' hat den Adminbereich betreten.
[2025-03-11 14:54:48] User 'Jannis' hat den Adminbereich betreten.
[2025-03-11 14:54:51] User 'Jannis' hat den Adminbereich betreten.
[2025-03-11 14:54:53] User 'Jannis' hat den Adminbereich betreten.
[2025-03-11 14:54:55] User 'Jannis' hat den Adminbereich betreten.
[2025-03-11 14:55:00] User 'Jannis' hat den Adminbereich betreten.
[2025-03-11 14:55:00] User 'Jannis' hat den Adminbereich betreten.
[2025-03-11 14:55:12] User 'Jannis' hat den Adminbereich betreten.
[2025-03-11 14:55:14] User 'Jannis' hat den Adminbereich betreten.
[2025-03-11 14:55:19] User 'Jannis' hat den Adminbereich betreten.
[2025-03-11 14:55:26] User 'Jannis' hat den Adminbereich betreten.
[2025-03-11 14:55:28] User 'Jannis' hat den Adminbereich betreten.
[2025-03-11 14:55:31] User 'Jannis' hat den Adminbereich betreten.
[2025-03-11 14:55:34] User 'Jannis' hat den Adminbereich betreten.
[2025-03-11 14:55:38] User 'Jannis' hat den Adminbereich betreten.
[2025-03-11 14:55:39] User 'Jannis' hat den Adminbereich betreten.
[2025-03-11 14:55:43] User 'Jannis' hat den Adminbereich betreten.
[2025-03-11 14:55:43] User 'Jannis' hat den Adminbereich betreten.
[2025-03-11 14:55:45] User 'Jannis' hat den Adminbereich betreten.
[2025-03-11 14:55:47] User 'Jannis' hat den Adminbereich betreten.
[2025-03-11 14:55:47] User 'Jannis' hat den Adminbereich betreten.
[2025-03-11 14:55:49] User 'Jannis' hat den Adminbereich betreten.
[2025-03-11 14:55:51] User 'Jannis' hat den Adminbereich betreten.
[2025-03-11 14:55:51] User 'Jannis' hat den Adminbereich betreten.
[2025-03-11 14:55:53] User 'Jannis' hat den Adminbereich betreten.
[2025-03-11 14:55:55] User 'Jannis' hat den Adminbereich betreten.
[2025-03-11 14:55:56] User 'Jannis' hat den Adminbereich betreten.
[2025-03-11 14:56:02] User 'Jannis' hat den Adminbereich betreten.
[2025-03-11 14:56:03] User 'Jannis' hat den Adminbereich betreten.
[2025-03-11 14:57:26] User 'Jannis' hat den Adminbereich betreten.
[2025-03-11 14:57:27] User 'Jannis' hat den Adminbereich betreten.
[2025-03-11 14:57:30] User 'Jannis' hat sich ausgeloggt.
[2025-03-11 14:57:37] User 'test' hat sich eingeloggt.
[2025-03-11 15:02:10] User 'test' hat sich ausgeloggt.
[2025-03-11 15:02:17] User 'jannis' hat sich eingeloggt.
[2025-03-11 15:02:18] User 'Jannis' hat den Adminbereich betreten.
[2025-03-11 15:02:19] User 'Jannis' hat den Adminbereich betreten.
[2025-03-11 15:04:06] User 'Jannis' hat den Adminbereich betreten.
[2025-03-11 15:04:39] User 'Jannis' hat den Adminbereich betreten.
[2025-03-11 15:04:42] User 'Jannis' hat den Adminbereich betreten.
[2025-03-11 15:04:44] User 'Jannis' hat den Adminbereich betreten.
[2025-03-11 15:04:46] User 'Jannis' hat den Adminbereich betreten.
[2025-03-11 15:04:53] User 'Jannis' hat den Adminbereich betreten.
[2025-03-11 15:04:55] User 'Jannis' hat den Adminbereich betreten.
[2025-03-11 15:04:56] User 'Jannis' hat den Adminbereich betreten.
[2025-03-11 15:04:59] User 'Jannis' hat den Adminbereich betreten.
[2025-03-11 15:05:18] User 'Jannis' hat den Adminbereich betreten.
[2025-03-11 15:05:20] User 'Jannis' hat sich ausgeloggt.
